#auto generated file!
170;54;5;45;9.379633058027153;5.436834302801586;3.9427987552255686;89.13751214771625;0.0;4;0
170;54;5;45;9.379633058027153;5.436834302801586;3.9427987552255686
0;0;0;0;0.0;0.0;0.0
#auto generated file!
159;67;11;49;8.946625801591846;4.958317447531529;3.98830835406032;88.94800777453838;0.0;7;0
159;67;11;49;8.946625801591846;4.958317447531529;3.98830835406032
0;0;0;0;0.0;0.0;0.0
#auto generated file!
149;74;13;53;11.145186539614336;7.07192152284738;4.073265016766958;88.90184645286686;0.0;8;0
149;74;13;53;11.145186539614336;7.07192152284738;4.073265016766958
0;0;0;0;0.0;0.0;0.0
#auto generated file!
155;83;11;64;10.462352134782295;6.420348958601106;4.042003176181188;88.31632653061224;0.0;8;0
155;83;11;64;10.462352134782295;6.420348958601106;4.042003176181188
0;0;0;0;0.0;0.0;0.0
#auto generated file!
159;66;7;54;10.540740731167185;6.373316828678224;4.16742390248896;88.5276967930029;0.0;5;0
159;66;7;54;10.540740731167185;6.373316828678224;4.16742390248896
0;0;0;0;0.0;0.0;0.0
#auto generated file!
144;60;8;44;9.890933329711238;5.669872175613707;4.22106115409753;87.75996112730809;0.0;8;0
144;60;8;44;9.890933329711238;5.669872175613707;4.22106115409753
0;0;0;0;0.0;0.0;0.0
#auto generated file!
140;60;11;41;9.806345401525114;5.670613691024879;4.135731710500234;88.67589893100097;0.0;8;0
140;60;11;41;9.806345401525114;5.670613691024879;4.135731710500234
0;0;0;0;0.0;0.0;0.0
#auto generated file!
136;49;2;38;10.28639508104484;6.189529374468145;4.096865706576695;88.49368318756073;0.0;9;0
136;49;2;38;10.28639508104484;6.189529374468145;4.096865706576695
0;0;0;0;0.0;0.0;0.0
#auto generated file!
127;48;3;37;10.081559819970279;5.886474772776875;4.195085047193405;88.63459669582116;0.0;8;0
127;48;3;37;10.081559819970279;5.886474772776875;4.195085047193405
0;0;0;0;0.0;0.0;0.0
#auto generated file!
149;86;8;68;10.094922893435557;5.981838245881824;4.113084647553731;88.13168124392614;0.0;10;0
149;86;8;68;10.094922893435557;5.981838245881824;4.113084647553731
0;0;0;0;0.0;0.0;0.0
