#auto generated file!
170;122;7;115;9.033906977171828;5.510587896597319;3.5233190805745087;88.38435374149661;0.0;0;0
170;122;7;115;9.033906977171828;5.510587896597319;3.5233190805745087
0;0;0;0;0.0;0.0;0.0
#auto generated file!
160;119;11;107;9.562990492931798;6.358889369524727;3.204101123407071;87.25704567541302;0.0;1;0
160;119;11;107;9.562990492931798;6.358889369524727;3.204101123407071
0;0;0;0;0.0;0.0;0.0
#auto generated file!
124;118;8;103;9.094172155638232;5.390206828922838;3.7039653267153905;88.52040816326527;0.0;7;0
124;118;8;103;9.094172155638232;5.390206828922838;3.7039653267153905
0;0;0;0;0.0;0.0;0.0
#auto generated file!
169;103;7;91;8.852680757602409;5.420604043868269;3.432076713734138;88.17784256559766;0.0;5;0
169;103;7;91;8.852680757602409;5.420604043868269;3.432076713734138
0;0;0;0;0.0;0.0;0.0
#auto generated file!
150;131;6;118;9.455602301671734;6.181516459051845;3.2740858426198867;86.49902818270165;0.0;7;0
150;131;6;118;9.455602301671734;6.181516459051845;3.2740858426198867
0;0;0;0;0.0;0.0;0.0
#auto generated file!
135;124;12;108;7.907914684297801;4.536353173067678;3.371561511230131;88.20942662779399;0.0;4;0
135;124;12;108;7.907914684297801;4.536353173067678;3.371561511230131
0;0;0;0;0.0;0.0;0.0
#auto generated file!
140;123;15;103;8.970855035339765;5.471238787864297;3.499616247475472;87.25704567541302;0.0;5;0
140;123;15;103;8.970855035339765;5.471238787864297;3.499616247475472
0;0;0;0;0.0;0.0;0.0
#auto generated file!
142;108;12;95;8.74190910974671;5.379340736473781;3.3625683732729295;89.24441205053449;0.0;1;0
142;108;12;95;8.74190910974671;5.379340736473781;3.3625683732729295
0;0;0;0;0.0;0.0;0.0
#auto generated file!
143;101;2;93;8.570428257731212;5.07537512940131;3.4950531283299053;89.01846452866862;0.0;6;0
143;101;2;93;8.570428257731212;5.07537512940131;3.4950531283299053
0;0;0;0;0.0;0.0;0.0
#auto generated file!
122;98;7;82;9.524616408062121;5.900028850927063;3.624587557135046;88.357628765792;0.0;9;0
122;98;7;82;9.524616408062121;5.900028850927063;3.624587557135046
0;0;0;0;0.0;0.0;0.0
