#auto generated file!
70;2;2;0;8.927535513815785;5.694273325903704;3.2332621879120835;40.789601554907684;0.0;0;0
70;2;2;0;8.927535513815785;5.694273325903704;3.2332621879120835
0;0;0;0;0.0;0.0;0.0
#auto generated file!
74;3;3;0;7.999259507970961;4.847309631807021;3.1519498761639406;41.49416909620993;0.0;0;0
74;3;3;0;7.999259507970961;4.847309631807021;3.1519498761639406
0;0;0;0;0.0;0.0;0.0
#auto generated file!
50;0;0;0;6.438127885414598;3.3287504265443704;3.1093774588702288;41.40427599611272;0.0;0;0
50;0;0;0;6.438127885414598;3.3287504265443704;3.1093774588702288
0;0;0;0;0.0;0.0;0.0
#auto generated file!
53;2;2;0;7.488459579096737;4.277869457138229;3.210590121958506;51.18318756073858;0.0;0;0
53;2;2;0;7.488459579096737;4.277869457138229;3.210590121958506
0;0;0;0;0.0;0.0;0.0
#auto generated file!
53;0;0;0;5.995074632105792;2.679616705066693;3.315457927039099;40.58794946550048;0.0;0;0
53;0;0;0;5.995074632105792;2.679616705066693;3.315457927039099
0;0;0;0;0.0;0.0;0.0
#auto generated file!
35;0;0;0;4.913188563217127;1.8799040284193682;3.033284534797759;50.053449951409135;0.0;0;0
35;0;0;0;4.913188563217127;1.8799040284193682;3.033284534797759
0;0;0;0;0.0;0.0;0.0
#auto generated file!
40;1;1;0;5.962926413095527;2.7992852582774814;3.163641154818045;30.97181729834792;0.0;0;0
40;1;1;0;5.962926413095527;2.7992852582774814;3.163641154818045
0;0;0;0;0.0;0.0;0.0
#auto generated file!
58;4;4;0;6.15757297639502;2.9485266274695876;3.209046348925435;28.27259475218658;0.0;0;0
58;4;4;0;6.15757297639502;2.9485266274695876;3.209046348925435
0;0;0;0;0.0;0.0;0.0
#auto generated file!
43;0;0;0;5.1381914156430835;2.0068541170138943;3.131337298629189;46.29980563654033;0.0;0;0
43;0;0;0;5.1381914156430835;2.0068541170138943;3.131337298629189
0;0;0;0;0.0;0.0;0.0
#auto generated file!
59;0;0;0;5.390062864668737;2.181221071206822;3.2088417934619153;31.43343051506316;0.0;0;0
59;0;0;0;5.390062864668737;2.181221071206822;3.2088417934619153
0;0;0;0;0.0;0.0;0.0
