#auto generated file!
14;148;1;66;38.612970395614425;35.22380350115784;3.3891668944565976;88.38435374149661;0.0;81;0
14;148;1;66;38.612970395614425;35.22380350115784;3.3891668944565976
0;0;0;0;0.0;0.0;0.0
#auto generated file!
17;150;8;58;26.995688635972876;23.874816173520916;3.1208724624519593;87.25704567541302;0.0;84;0
17;150;8;58;26.995688635972876;23.874816173520916;3.1208724624519593
0;0;0;0;0.0;0.0;0.0
#auto generated file!
18;167;6;67;44.359166361741266;40.75523559897289;3.6039307627683805;88.52040816326527;0.0;94;0
18;167;6;67;44.359166361741266;40.75523559897289;3.6039307627683805
0;0;0;0;0.0;0.0;0.0
#auto generated file!
21;190;2;92;28.63421545201888;25.380538454008345;3.253676998010536;88.17784256559766;0.0;96;0
21;190;2;92;28.63421545201888;25.380538454008345;3.253676998010536
0;0;0;0;0.0;0.0;0.0
#auto generated file!
17;196;6;79;32.301481470079686;28.566273067846367;3.7352084022333205;86.49902818270165;0.0;111;0
17;196;6;79;32.301481470079686;28.566273067846367;3.7352084022333205
0;0;0;0;0.0;0.0;0.0
#auto generated file!
18;181;7;87;38.656556705995904;34.196488374022906;4.460068331972985;88.20942662779399;0.0;87;0
18;181;7;87;38.656556705995904;34.196488374022906;4.460068331972985
0;0;0;0;0.0;0.0;0.0
#auto generated file!
23;190;6;86;31.091223873674608;27.55201657872009;3.5392072949545224;87.25704567541302;0.0;98;0
23;190;6;86;31.091223873674608;27.55201657872009;3.5392072949545224
0;0;0;0;0.0;0.0;0.0
#auto generated file!
11;192;8;81;16.5550738560408;13.451578813588808;3.1034950424519923;89.24441205053449;0.0;103;0
11;192;8;81;16.5550738560408;13.451578813588808;3.1034950424519923
0;0;0;0;0.0;0.0;0.0
#auto generated file!
15;200;7;73;25.10532042464535;22.226496103875082;2.8788243207702653;89.01846452866862;0.0;120;0
15;200;7;73;25.10532042464535;22.226496103875082;2.8788243207702653
0;0;0;0;0.0;0.0;0.0
#auto generated file!
17;189;6;66;29.208123871404705;25.215370653481834;3.992753217922867;88.357628765792;0.0;117;0
17;189;6;66;29.208123871404705;25.215370653481834;3.992753217922867
0;0;0;0;0.0;0.0;0.0
