#auto generated file!
251;108;17;76;8.557025487678589;5.7713663772221695;2.7856591104564195;90.9475218658892;0.0;15;0
251;108;17;76;8.557025487678589;5.7713663772221695;2.7856591104564195
0;0;0;0;0.0;0.0;0.0
#auto generated file!
247;87;9;63;8.355199298247367;5.497628350787062;2.8575709474603053;91.30952380952378;0.0;15;0
247;87;9;63;8.355199298247367;5.497628350787062;2.8575709474603053
0;0;0;0;0.0;0.0;0.0
#auto generated file!
245;84;14;51;8.515941105615099;5.715826476915629;2.800114628699469;91.5208940719145;0.0;19;0
245;84;14;51;8.515941105615099;5.715826476915629;2.800114628699469
0;0;0;0;0.0;0.0;0.0
#auto generated file!
254;92;12;62;8.322618239539093;5.565004626386976;2.7576136131521247;91.38483965014579;0.0;18;0
254;92;12;62;8.322618239539093;5.565004626386976;2.7576136131521247
0;0;0;0;0.0;0.0;0.0
#auto generated file!
236;107;10;72;8.070460660551907;5.331695455976153;2.738765204575752;91.7055393586006;0.0;25;0
236;107;10;72;8.070460660551907;5.331695455976153;2.738765204575752
0;0;0;0;0.0;0.0;0.0
#auto generated file!
254;93;11;59;9.13852377198599;6.241732848999996;2.89679092298599;91.01554907677357;0.0;23;0
254;93;11;59;9.13852377198599;6.241732848999996;2.89679092298599
0;0;0;0;0.0;0.0;0.0
#auto generated file!
262;85;10;56;8.882273078481655;6.114067603038204;2.7682054754434553;91.18804664723031;0.0;19;0
262;85;10;56;8.882273078481655;6.114067603038204;2.7682054754434553
0;0;0;0;0.0;0.0;0.0
#auto generated file!
183;92;10;57;8.840072467196547;6.0762692496679875;2.763803217528556;91.18318756073857;0.0;25;0
183;92;10;57;8.840072467196547;6.0762692496679875;2.763803217528556
0;0;0;0;0.0;0.0;0.0
#auto generated file!
199;77;10;50;8.585544224100607;5.774376486306569;2.811167737794034;91.24878522837706;0.0;17;0
199;77;10;50;8.585544224100607;5.774376486306569;2.811167737794034
0;0;0;0;0.0;0.0;0.0
#auto generated file!
198;71;8;48;9.011298480253435;6.114005955970861;2.8972925242825753;90.92322643343051;0.0;15;0
198;71;8;48;9.011298480253435;6.114005955970861;2.8972925242825753
0;0;0;0;0.0;0.0;0.0
