#auto generated file!
626;7;7;0;14.031456295706189;10.762713977210856;3.2687423184953475;60.96209912536443;0.0;0;0
626;7;7;0;14.031456295706189;10.762713977210856;3.2687423184953475
0;0;0;0;0.0;0.0;0.0
#auto generated file!
626;24;8;0;12.972780630578118;9.681946427640966;3.290834202937144;79.70116618075802;0.0;16;0
626;24;8;0;12.972780630578118;9.681946427640966;3.290834202937144
0;0;0;0;0.0;0.0;0.0
#auto generated file!
459;28;5;0;12.983579192615473;9.68995453259226;3.2936246600232177;84.59183673469387;0.0;23;0
459;28;5;0;12.983579192615473;9.68995453259226;3.2936246600232177
0;0;0;0;0.0;0.0;0.0
#auto generated file!
481;26;4;0;12.989911111763398;9.737933849706689;3.2519772620567133;84.46793002915452;0.0;22;0
481;26;4;0;12.989911111763398;9.737933849706689;3.2519772620567133
0;0;0;0;0.0;0.0;0.0
#auto generated file!
465;62;4;1;12.284261665854137;9.020770387556059;3.2634912782980994;85.70456754130223;0.0;57;0
465;62;4;1;12.284261665854137;9.020770387556059;3.2634912782980994
0;0;0;0;0.0;0.0;0.0
#auto generated file!
520;19;6;0;13.157285725162053;9.90137838097304;3.2559073441890134;80.46647230320698;0.0;13;0
520;19;6;0;13.157285725162053;9.90137838097304;3.2559073441890134
0;0;0;0;0.0;0.0;0.0
#auto generated file!
614;36;10;0;12.799543448154552;9.541564603311997;3.2579788448425546;82.03352769679302;0.0;26;0
614;36;10;0;12.799543448154552;9.541564603311997;3.2579788448425546
0;0;0;0;0.0;0.0;0.0
#auto generated file!
530;27;6;0;12.552454749569563;9.238836707168256;3.313618042401301;81.44557823129252;0.0;21;0
530;27;6;0;12.552454749569563;9.238836707168256;3.313618042401301
0;0;0;0;0.0;0.0;0.0
#auto generated file!
486;18;7;0;13.301638399582385;9.997960222053559;3.3036781775288353;85.5952380952381;0.0;11;0
486;18;7;0;13.301638399582385;9.997960222053559;3.3036781775288353
0;0;0;0;0.0;0.0;0.0
#auto generated file!
520;52;4;0;12.823769666281066;9.527666122130531;3.2961035441505486;83.37706511175898;0.0;48;0
520;52;4;0;12.823769666281066;9.527666122130531;3.2961035441505486
0;0;0;0;0.0;0.0;0.0
