#auto generated file!
284;6;6;0;15.946231019137672;12.713283439469835;3.2329475796678264;40.789601554907684;0.0;0;0
284;6;6;0;15.946231019137672;12.713283439469835;3.2329475796678264
0;0;0;0;0.0;0.0;0.0
#auto generated file!
244;2;2;0;14.437737825195732;11.261244787454029;3.176493037741708;41.49416909620993;0.0;0;0
244;2;2;0;14.437737825195732;11.261244787454029;3.176493037741708
0;0;0;0;0.0;0.0;0.0
#auto generated file!
291;4;4;0;13.613250708648222;10.489667766491293;3.123582942156941;41.40427599611272;0.0;0;0
291;4;4;0;13.613250708648222;10.489667766491293;3.123582942156941
0;0;0;0;0.0;0.0;0.0
#auto generated file!
233;3;3;0;12.00509775097299;8.894262917898137;3.1108348330748523;51.18318756073858;0.0;0;0
233;3;3;0;12.00509775097299;8.894262917898137;3.1108348330748523
0;0;0;0;0.0;0.0;0.0
#auto generated file!
282;2;2;0;12.253058304647055;9.079412171902753;3.1736461327443037;40.58794946550048;0.0;0;0
282;2;2;0;12.253058304647055;9.079412171902753;3.1736461327443037
0;0;0;0;0.0;0.0;0.0
#auto generated file!
273;2;2;0;12.880795660022239;9.770272353197834;3.1105233068244;50.053449951409135;0.0;0;0
273;2;2;0;12.880795660022239;9.770272353197834;3.1105233068244
0;0;0;0;0.0;0.0;0.0
#auto generated file!
229;2;2;0;12.871331017528481;9.784368711997177;3.0869623055313227;30.97181729834792;0.0;0;0
229;2;2;0;12.871331017528481;9.784368711997177;3.0869623055313227
0;0;0;0;0.0;0.0;0.0
#auto generated file!
235;2;2;0;12.060375728615508;8.880650700987093;3.1797250276284155;28.27259475218658;0.0;0;0
235;2;2;0;12.060375728615508;8.880650700987093;3.1797250276284155
0;0;0;0;0.0;0.0;0.0
#auto generated file!
299;1;1;0;13.310541890546576;10.138855979528392;3.1716859110182085;46.29980563654033;0.0;0;0
299;1;1;0;13.310541890546576;10.138855979528392;3.1716859110182085
0;0;0;0;0.0;0.0;0.0
#auto generated file!
298;2;2;0;12.93391694600986;9.743994011401671;3.1899229346081976;31.43343051506316;0.0;0;0
298;2;2;0;12.93391694600986;9.743994011401671;3.1899229346081976
0;0;0;0;0.0;0.0;0.0
