#auto generated file!
33;1;1;0;20.743534836064974;17.43033775636475;3.3131970797002266;40.789601554907684;0.0;0;0
33;1;1;0;20.743534836064974;17.43033775636475;3.3131970797002266
0;0;0;0;0.0;0.0;0.0
#auto generated file!
21;8;8;0;26.216569395493067;23.08277759580197;3.133791799691101;41.49416909620993;0.0;0;0
21;8;8;0;26.216569395493067;23.08277759580197;3.133791799691101
0;0;0;0;0.0;0.0;0.0
#auto generated file!
20;2;2;0;20.817379299320333;17.506754302473173;3.3106249968471575;41.40427599611272;0.0;0;0
20;2;2;0;20.817379299320333;17.506754302473173;3.3106249968471575
0;0;0;0;0.0;0.0;0.0
#auto generated file!
40;9;9;0;18.785471383149588;15.715322877398156;3.0701485057514244;51.18318756073858;0.0;0;0
40;9;9;0;18.785471383149588;15.715322877398156;3.0701485057514244
0;0;0;0;0.0;0.0;0.0
#auto generated file!
29;3;3;0;22.95394051476543;19.635855452663467;3.3180850621019546;40.58794946550048;0.0;0;0
29;3;3;0;22.95394051476543;19.635855452663467;3.3180850621019546
0;0;0;0;0.0;0.0;0.0
#auto generated file!
37;7;7;0;26.23784191783666;23.027736428405536;3.2101054894311303;50.053449951409135;0.0;0;0
37;7;7;0;26.23784191783666;23.027736428405536;3.2101054894311303
0;0;0;0;0.0;0.0;0.0
#auto generated file!
39;2;2;0;15.69340538053343;12.477359622039808;3.2160457584936246;30.97181729834792;0.0;0;0
39;2;2;0;15.69340538053343;12.477359622039808;3.2160457584936246
0;0;0;0;0.0;0.0;0.0
#auto generated file!
35;3;3;0;11.868497831146117;8.790104076324596;3.0783937548215223;28.27259475218658;0.0;0;0
35;3;3;0;11.868497831146117;8.790104076324596;3.0783937548215223
0;0;0;0;0.0;0.0;0.0
#auto generated file!
19;2;2;0;18.471651079902557;15.57600290141276;2.8956481784897945;46.29980563654033;0.0;0;0
19;2;2;0;18.471651079902557;15.57600290141276;2.8956481784897945
0;0;0;0;0.0;0.0;0.0
#auto generated file!
44;3;3;0;13.212685739606291;9.938332136994415;3.274353602611885;31.43343051506316;0.0;0;0
44;3;3;0;13.212685739606291;9.938332136994415;3.274353602611885
0;0;0;0;0.0;0.0;0.0
