#auto generated file!
65;6;6;0;23.53535502138651;20.336116076115502;3.1992389452709924;60.96209912536443;0.0;0;0
65;6;6;0;23.53535502138651;20.336116076115502;3.1992389452709924
0;0;0;0;0.0;0.0;0.0
#auto generated file!
43;14;8;0;33.402978723523;30.01800338255323;3.384975340969758;79.70116618075802;0.0;6;0
43;14;8;0;33.402978723523;30.01800338255323;3.384975340969758
0;0;0;0;0.0;0.0;0.0
#auto generated file!
21;47;7;0;38.88080135337549;35.554739608382185;3.3260617449933;84.59183673469387;0.0;40;0
21;47;7;0;38.88080135337549;35.554739608382185;3.3260617449933
0;0;0;0;0.0;0.0;0.0
#auto generated file!
23;65;10;0;44.38771186899271;41.130470822684956;3.2572410463077612;84.46793002915452;0.0;55;0
23;65;10;0;44.38771186899271;41.130470822684956;3.2572410463077612
0;0;0;0;0.0;0.0;0.0
#auto generated file!
17;44;6;0;41.29477431088981;37.88909964004557;3.4056746708442356;85.70456754130223;0.0;38;0
17;44;6;0;41.29477431088981;37.88909964004557;3.4056746708442356
0;0;0;0;0.0;0.0;0.0
#auto generated file!
64;16;6;0;28.802691620258848;25.4686007737679;3.3340908464909487;80.46647230320698;0.0;10;0
64;16;6;0;28.802691620258848;25.4686007737679;3.3340908464909487
0;0;0;0;0.0;0.0;0.0
#auto generated file!
58;37;7;0;31.654061703636373;28.334553988245645;3.3195077153907273;82.03352769679302;0.0;30;0
58;37;7;0;31.654061703636373;28.334553988245645;3.3195077153907273
0;0;0;0;0.0;0.0;0.0
#auto generated file!
36;37;7;0;31.46203536001922;28.21562334657915;3.2464120134400765;81.44557823129252;0.0;30;0
36;37;7;0;31.46203536001922;28.21562334657915;3.2464120134400765
0;0;0;0;0.0;0.0;0.0
#auto generated file!
22;52;5;0;26.605935476678713;23.38961200374716;3.216323472931558;85.5952380952381;0.0;47;0
22;52;5;0;26.605935476678713;23.38961200374716;3.216323472931558
0;0;0;0;0.0;0.0;0.0
#auto generated file!
24;49;8;0;28.070721675676435;24.722092936662733;3.3486287390136966;83.37706511175898;0.0;41;0
24;49;8;0;28.070721675676435;24.722092936662733;3.3486287390136966
0;0;0;0;0.0;0.0;0.0
