#auto generated file!
948;120;120;0;20.38272653096409;17.2142209311805;3.168505599783644;40.789601554907684;0.0;0;0
948;120;120;0;20.38272653096409;17.2142209311805;3.168505599783644
0;0;0;0;0.0;0.0;0.0
#auto generated file!
1001;115;115;0;21.595462139701315;18.422278576223647;3.17318356347767;41.49416909620993;0.0;0;0
1001;115;115;0;21.595462139701315;18.422278576223647;3.17318356347767
0;0;0;0;0.0;0.0;0.0
#auto generated file!
1001;111;111;0;20.673384602492902;17.48930919212078;3.1840754103720674;41.40427599611272;0.0;0;0
1001;111;111;0;20.673384602492902;17.48930919212078;3.1840754103720674
0;0;0;0;0.0;0.0;0.0
#auto generated file!
1286;128;128;0;21.381908187408538;18.217719312048857;3.164188875359675;51.18318756073858;0.0;0;0
1286;128;128;0;21.381908187408538;18.217719312048857;3.164188875359675
0;0;0;0;0.0;0.0;0.0
#auto generated file!
1001;128;128;0;20.248467833775862;17.059182543745198;3.189285290030618;40.58794946550048;0.0;0;0
1001;128;128;0;20.248467833775862;17.059182543745198;3.189285290030618
0;0;0;0;0.0;0.0;0.0
#auto generated file!
1177;137;137;0;21.50786090112263;18.339351000814275;3.1685099003083566;50.053449951409135;0.0;0;0
1177;137;137;0;21.50786090112263;18.339351000814275;3.1685099003083566
0;0;0;0;0.0;0.0;0.0
#auto generated file!
744;96;96;0;20.503186217272265;17.31371230227886;3.189473914993401;30.97181729834792;0.0;0;0
744;96;96;0;20.503186217272265;17.31371230227886;3.189473914993401
0;0;0;0;0.0;0.0;0.0
#auto generated file!
715;80;80;0;20.271143458536795;17.098815668556984;3.1723277899798084;28.27259475218658;0.0;0;0
715;80;80;0;20.271143458536795;17.098815668556984;3.1723277899798084
0;0;0;0;0.0;0.0;0.0
#auto generated file!
1153;136;136;0;20.51106451034119;17.32813810773348;3.1829264026077553;46.29980563654033;0.0;0;0
1153;136;136;0;20.51106451034119;17.32813810773348;3.1829264026077553
0;0;0;0;0.0;0.0;0.0
#auto generated file!
768;84;84;0;20.472561632966972;17.304536342853147;3.168025290113801;31.43343051506316;0.0;0;0
768;84;84;0;20.472561632966972;17.304536342853147;3.168025290113801
0;0;0;0;0.0;0.0;0.0
