#auto generated file!
10;115;2;2;20.753198219452205;16.74446680031537;4.008731419136838;88.43780369290573;0.0;111;0
10;115;2;2;20.753198219452205;16.74446680031537;4.008731419136838
0;0;0;0;0.0;0.0;0.0
#auto generated file!
42;83;5;1;32.021689804322264;28.58367568925272;3.4380141150695365;86.86345966958214;0.0;77;0
42;83;5;1;32.021689804322264;28.58367568925272;3.4380141150695365
0;0;0;0;0.0;0.0;0.0
#auto generated file!
21;90;10;2;42.85720846659445;39.56445733396203;3.2927511326324232;87.51700680272108;0.0;78;0
21;90;10;2;42.85720846659445;39.56445733396203;3.2927511326324232
0;0;0;0;0.0;0.0;0.0
#auto generated file!
16;98;2;2;33.28488600882001;29.54586260877176;3.7390234000482465;88.38435374149661;0.0;94;0
16;98;2;2;33.28488600882001;29.54586260877176;3.7390234000482465
0;0;0;0;0.0;0.0;0.0
#auto generated file!
13;87;5;1;33.51839026214076;29.91691907248162;3.601471189659144;88.32118561710396;0.0;81;0
13;87;5;1;33.51839026214076;29.91691907248162;3.601471189659144
0;0;0;0;0.0;0.0;0.0
#auto generated file!
15;99;5;2;36.6320860726439;32.97471338417548;3.657372688468433;88.05150631681241;0.0;92;0
15;99;5;2;36.6320860726439;32.97471338417548;3.657372688468433
0;0;0;0;0.0;0.0;0.0
#auto generated file!
21;119;3;3;31.764579097729104;28.016753286391598;3.7478258113374987;88.88241010689988;0.0;113;0
21;119;3;3;31.764579097729104;28.016753286391598;3.7478258113374987
0;0;0;0;0.0;0.0;0.0
#auto generated file!
18;111;7;3;33.67053208511525;29.953985549577496;3.7165465355377574;88.16326530612243;0.0;101;0
18;111;7;3;33.67053208511525;29.953985549577496;3.7165465355377574
0;0;0;0;0.0;0.0;0.0
#auto generated file!
21;99;2;0;32.687486162534356;28.81060686732091;3.876879295213452;88.1171039844509;0.0;97;0
21;99;2;0;32.687486162534356;28.81060686732091;3.876879295213452
0;0;0;0;0.0;0.0;0.0
#auto generated file!
27;114;6;2;26.556855335233312;22.983993078781992;3.5728622564513333;88.12196307094266;0.0;106;0
27;114;6;2;26.556855335233312;22.983993078781992;3.5728622564513333
0;0;0;0;0.0;0.0;0.0
