#auto generated file!
152;20;7;6;9.192316531873784;5.615573278479969;3.576743253393816;88.43780369290573;0.0;7;0
152;20;7;6;9.192316531873784;5.615573278479969;3.576743253393816
0;0;0;0;0.0;0.0;0.0
#auto generated file!
171;18;15;3;9.694292138932587;6.07885600276187;3.6154361361707155;86.86345966958214;0.0;0;0
171;18;15;3;9.694292138932587;6.07885600276187;3.6154361361707155
0;0;0;0;0.0;0.0;0.0
#auto generated file!
174;15;9;2;10.299618317563557;6.6668243214099;3.6327939961536546;87.51700680272108;0.0;4;0
174;15;9;2;10.299618317563557;6.6668243214099;3.6327939961536546
0;0;0;0;0.0;0.0;0.0
#auto generated file!
141;16;10;1;8.817296800662907;5.303061674944216;3.5142351257186903;88.38435374149661;0.0;5;0
141;16;10;1;8.817296800662907;5.303061674944216;3.5142351257186903
0;0;0;0;0.0;0.0;0.0
#auto generated file!
164;14;8;1;9.19536899032689;5.604811091106759;3.5905578992201286;88.32118561710396;0.0;5;0
164;14;8;1;9.19536899032689;5.604811091106759;3.5905578992201286
0;0;0;0;0.0;0.0;0.0
#auto generated file!
137;15;7;2;9.684684578276455;6.091161990301625;3.593522587974828;88.05150631681241;0.0;6;0
137;15;7;2;9.684684578276455;6.091161990301625;3.593522587974828
0;0;0;0;0.0;0.0;0.0
#auto generated file!
144;12;7;1;9.27346233579075;5.720328672902906;3.553133662887844;88.88241010689988;0.0;4;0
144;12;7;1;9.27346233579075;5.720328672902906;3.553133662887844
0;0;0;0;0.0;0.0;0.0
#auto generated file!
124;13;8;1;8.817877746816224;5.222423922996534;3.5954538238196934;88.16326530612243;0.0;4;0
124;13;8;1;8.817877746816224;5.222423922996534;3.5954538238196934
0;0;0;0;0.0;0.0;0.0
#auto generated file!
145;16;10;2;9.15802637796812;5.671016707519994;3.487009670448129;88.1171039844509;0.0;4;0
145;16;10;2;9.15802637796812;5.671016707519994;3.487009670448129
0;0;0;0;0.0;0.0;0.0
#auto generated file!
153;11;6;3;9.137935232961384;5.553936935439208;3.5839982975221796;88.12196307094266;0.0;2;0
153;11;6;3;9.137935232961384;5.553936935439208;3.5839982975221796
0;0;0;0;0.0;0.0;0.0
