#auto generated file!
7;213;3;42;36.35963641909895;33.80036327924635;2.5592731398526003;90.9475218658892;0.0;168;0
7;213;3;42;36.35963641909895;33.80036327924635;2.5592731398526003
0;0;0;0;0.0;0.0;0.0
#auto generated file!
6;234;2;50;29.39803152891749;27.05420293364672;2.3438285952707703;91.30952380952378;0.0;182;0
6;234;2;50;29.39803152891749;27.05420293364672;2.3438285952707703
0;0;0;0;0.0;0.0;0.0
#auto generated file!
8;206;3;49;46.88972764369713;43.527588002920986;3.3621396407761397;91.5208940719145;0.0;154;0
8;206;3;49;46.88972764369713;43.527588002920986;3.3621396407761397
0;0;0;0;0.0;0.0;0.0
#auto generated file!
7;197;2;29;37.13269147070196;34.74128852082679;2.3914029498751623;91.38483965014579;0.0;166;0
7;197;2;29;37.13269147070196;34.74128852082679;2.3914029498751623
0;0;0;0;0.0;0.0;0.0
#auto generated file!
8;245;2;42;21.05390591856662;18.198732451238403;2.8551734673282163;91.7055393586006;0.0;201;0
8;245;2;42;21.05390591856662;18.198732451238403;2.8551734673282163
0;0;0;0;0.0;0.0;0.0
#auto generated file!
11;263;6;57;35.473768951071484;32.703220864200574;2.7705480868709143;91.01554907677357;0.0;200;0
11;263;6;57;35.473768951071484;32.703220864200574;2.7705480868709143
0;0;0;0;0.0;0.0;0.0
#auto generated file!
14;241;5;48;50.89236631527982;48.02680733657304;2.865558978706769;91.18804664723031;0.0;188;0
14;241;5;48;50.89236631527982;48.02680733657304;2.865558978706769
0;0;0;0;0.0;0.0;0.0
#auto generated file!
10;265;2;45;30.103871399416427;27.766679823651998;2.3371915757644266;91.18318756073857;0.0;218;0
10;265;2;45;30.103871399416427;27.766679823651998;2.3371915757644266
0;0;0;0;0.0;0.0;0.0
#auto generated file!
11;255;4;40;39.312615857816134;36.12060743033346;3.192008427482685;91.24878522837706;0.0;211;0
11;255;4;40;39.312615857816134;36.12060743033346;3.192008427482685
0;0;0;0;0.0;0.0;0.0
#auto generated file!
10;218;2;27;26.359756573780203;23.891404267223614;2.4683523065565858;90.92322643343051;0.0;189;0
10;218;2;27;26.359756573780203;23.891404267223614;2.4683523065565858
0;0;0;0;0.0;0.0;0.0
