#auto generated file!
2399;3462;267;1310;21.385976348224634;17.24239690180512;4.143579446419529;89.13751214771625;0.0;1885;0
2399;3462;267;1310;21.385976348224634;17.24239690180512;4.143579446419529
0;0;0;0;0.0;0.0;0.0
#auto generated file!
2336;3916;273;1445;21.9810753071111;17.85404162636677;4.127033680744361;88.94800777453838;0.0;2198;0
2336;3916;273;1445;21.9810753071111;17.85404162636677;4.127033680744361
0;0;0;0;0.0;0.0;0.0
#auto generated file!
2375;3985;288;1453;21.532379380830704;17.38670294181257;4.145676439018162;88.90184645286686;0.0;2244;0
2375;3985;288;1453;21.532379380830704;17.38670294181257;4.145676439018162
0;0;0;0;0.0;0.0;0.0
#auto generated file!
2381;3265;272;1314;21.910774095789773;17.811533780719756;4.099240315069948;88.31632653061224;0.0;1679;0
2381;3265;272;1314;21.910774095789773;17.811533780719756;4.099240315069948
0;0;0;0;0.0;0.0;0.0
#auto generated file!
2309;3505;282;1372;22.030257917349605;17.862967727106216;4.167290190243397;88.5276967930029;0.0;1851;0
2309;3505;282;1372;22.030257917349605;17.862967727106216;4.167290190243397
0;0;0;0;0.0;0.0;0.0
#auto generated file!
2536;2941;263;1215;20.684187174014085;16.565620259610625;4.118566914403477;87.75996112730809;0.0;1463;0
2536;2941;263;1215;20.684187174014085;16.565620259610625;4.118566914403477
0;0;0;0;0.0;0.0;0.0
#auto generated file!
2291;3617;273;1390;22.009385896991464;17.880393823896636;4.1289920730948495;88.67589893100097;0.0;1954;0
2291;3617;273;1390;22.009385896991464;17.880393823896636;4.1289920730948495
0;0;0;0;0.0;0.0;0.0
#auto generated file!
2342;3559;259;1323;22.01779277333166;17.87370781497238;4.144084958359221;88.49368318756073;0.0;1977;0
2342;3559;259;1323;22.01779277333166;17.87370781497238;4.144084958359221
0;0;0;0;0.0;0.0;0.0
#auto generated file!
2316;3366;265;1322;22.06646621747865;17.94449213839448;4.121974079084163;88.63459669582116;0.0;1779;0
2316;3366;265;1322;22.06646621747865;17.94449213839448;4.121974079084163
0;0;0;0;0.0;0.0;0.0
#auto generated file!
2332;3688;269;1462;21.65415854645402;17.524085394908838;4.130073151545192;88.13168124392614;0.0;1957;0
2332;3688;269;1462;21.65415854645402;17.524085394908838;4.130073151545192
0;0;0;0;0.0;0.0;0.0
