#auto generated file!
613;581;7;466;12.824492812830686;9.40852460293685;3.415968209893837;88.38435374149661;0.0;108;0
613;581;7;466;12.824492812830686;9.40852460293685;3.415968209893837
0;0;0;0;0.0;0.0;0.0
#auto generated file!
651;680;7;525;14.256979087731901;10.812063363987049;3.444915723744869;87.25704567541302;0.0;148;0
651;680;7;525;14.256979087731901;10.812063363987049;3.444915723744869
0;0;0;0;0.0;0.0;0.0
#auto generated file!
726;783;14;620;12.508818677395634;9.187526236434405;3.32129244096124;88.52040816326527;0.0;149;0
726;783;14;620;12.508818677395634;9.187526236434405;3.32129244096124
0;0;0;0;0.0;0.0;0.0
#auto generated file!
662;593;10;482;14.120901512827993;10.694908341135152;3.4259931716928316;88.17784256559766;0.0;101;0
662;593;10;482;14.120901512827993;10.694908341135152;3.4259931716928316
0;0;0;0;0.0;0.0;0.0
#auto generated file!
725;720;10;589;12.930341159783225;9.564825035802443;3.365516123980769;86.49902818270165;0.0;121;0
725;720;10;589;12.930341159783225;9.564825035802443;3.365516123980769
0;0;0;0;0.0;0.0;0.0
#auto generated file!
639;749;15;578;13.286332719433696;9.91040731062491;3.3759254088087802;88.20942662779399;0.0;156;0
639;749;15;578;13.286332719433696;9.91040731062491;3.3759254088087802
0;0;0;0;0.0;0.0;0.0
#auto generated file!
728;699;10;547;13.69894298629423;10.288415029955631;3.410527956338605;87.25704567541302;0.0;142;0
728;699;10;547;13.69894298629423;10.288415029955631;3.410527956338605
0;0;0;0;0.0;0.0;0.0
#auto generated file!
646;706;9;542;13.052414783661993;9.697641158984142;3.3547736246778452;89.24441205053449;0.0;155;0
646;706;9;542;13.052414783661993;9.697641158984142;3.3547736246778452
0;0;0;0;0.0;0.0;0.0
#auto generated file!
585;640;12;445;12.84541981597565;9.475418888802187;3.3700009271734537;89.01846452866862;0.0;183;0
585;640;12;445;12.84541981597565;9.475418888802187;3.3700009271734537
0;0;0;0;0.0;0.0;0.0
#auto generated file!
696;640;7;491;13.983223840425486;10.505158941282964;3.478064899142518;88.357628765792;0.0;142;0
696;640;7;491;13.983223840425486;10.505158941282964;3.478064899142518
0;0;0;0;0.0;0.0;0.0
