#auto generated file!
1517;5390;222;1148;25.260795053275704;22.40774095142337;2.8530541018522895;90.9475218658892;0.0;4020;0
1517;5390;222;1148;25.260795053275704;22.40774095142337;2.8530541018522895
0;0;0;0;0.0;0.0;0.0
#auto generated file!
1561;4521;218;1054;24.56015816408288;21.706400789019103;2.8537573750637146;91.30952380952378;0.0;3249;0
1561;4521;218;1054;24.56015816408288;21.706400789019103;2.8537573750637146
0;0;0;0;0.0;0.0;0.0
#auto generated file!
1490;5590;234;1126;25.534437848148453;22.683008839377248;2.851429008771203;91.5208940719145;0.0;4230;0
1490;5590;234;1126;25.534437848148453;22.683008839377248;2.851429008771203
0;0;0;0;0.0;0.0;0.0
#auto generated file!
1542;5433;218;1210;24.940640081817406;22.107317854077678;2.8333222277397265;91.38483965014579;0.0;4005;0
1542;5433;218;1210;24.940640081817406;22.107317854077678;2.8333222277397265
0;0;0;0;0.0;0.0;0.0
#auto generated file!
1609;4769;229;1064;24.187619387713116;21.365676631481957;2.821942756231234;91.7055393586006;0.0;3476;0
1609;4769;229;1064;24.187619387713116;21.365676631481957;2.821942756231234
0;0;0;0;0.0;0.0;0.0
#auto generated file!
1531;4035;222;968;25.100295451498397;22.24987408296725;2.8504213685312036;91.01554907677357;0.0;2845;0
1531;4035;222;968;25.100295451498397;22.24987408296725;2.8504213685312036
0;0;0;0;0.0;0.0;0.0
#auto generated file!
1592;5445;228;1208;24.2539370373119;21.42606705955441;2.8278699777574965;91.18804664723031;0.0;4009;0
1592;5445;228;1208;24.2539370373119;21.42606705955441;2.8278699777574965
0;0;0;0;0.0;0.0;0.0
#auto generated file!
1590;5233;237;1158;24.18048200983443;21.353717928323356;2.8267640815111132;91.18318756073857;0.0;3838;0
1590;5233;237;1158;24.18048200983443;21.353717928323356;2.8267640815111132
0;0;0;0;0.0;0.0;0.0
#auto generated file!
1488;5065;227;1116;25.217680469219275;22.37698296434978;2.8406975048694822;91.24878522837706;0.0;3722;0
1488;5065;227;1116;25.217680469219275;22.37698296434978;2.8406975048694822
0;0;0;0;0.0;0.0;0.0
#auto generated file!
1549;5159;222;1241;24.842158897218642;22.019340897620634;2.8228179995980307;90.92322643343051;0.0;3696;0
1549;5159;222;1241;24.842158897218642;22.019340897620634;2.8228179995980307
0;0;0;0;0.0;0.0;0.0
