#auto generated file!
1637;1875;259;61;24.65185874570368;21.05810379735862;3.593754948345026;88.43780369290573;0.0;1555;0
1637;1875;259;61;24.65185874570368;21.05810379735862;3.593754948345026
0;0;0;0;0.0;0.0;0.0
#auto generated file!
1554;1061;220;40;24.60129898046596;21.011753152732652;3.58954582773326;86.86345966958214;0.0;801;0
1554;1061;220;40;24.60129898046596;21.011753152732652;3.58954582773326
0;0;0;0;0.0;0.0;0.0
#auto generated file!
1681;1213;237;29;24.02713874566042;20.420976090482245;3.6061626551782013;87.51700680272108;0.0;947;0
1681;1213;237;29;24.02713874566042;20.420976090482245;3.6061626551782013
0;0;0;0;0.0;0.0;0.0
#auto generated file!
1524;1991;252;35;26.03861664472536;22.454474146933315;3.584142497792032;88.38435374149661;0.0;1704;0
1524;1991;252;35;26.03861664472536;22.454474146933315;3.584142497792032
0;0;0;0;0.0;0.0;0.0
#auto generated file!
1568;2182;235;50;24.808612650109;21.21956660814941;3.5890460419595582;88.32118561710396;0.0;1897;0
1568;2182;235;50;24.808612650109;21.21956660814941;3.5890460419595582
0;0;0;0;0.0;0.0;0.0
#auto generated file!
1597;1691;231;46;24.866710529860462;21.29819206930637;3.568518460554119;88.05150631681241;0.0;1414;0
1597;1691;231;46;24.866710529860462;21.29819206930637;3.568518460554119
0;0;0;0;0.0;0.0;0.0
#auto generated file!
1559;1705;245;55;25.648041938813943;22.070428324742437;3.5776136140714647;88.88241010689988;0.0;1405;0
1559;1705;245;55;25.648041938813943;22.070428324742437;3.5776136140714647
0;0;0;0;0.0;0.0;0.0
#auto generated file!
1602;1573;249;33;24.75785996777657;21.16708168729258;3.5907782804839763;88.16326530612243;0.0;1291;0
1602;1573;249;33;24.75785996777657;21.16708168729258;3.5907782804839763
0;0;0;0;0.0;0.0;0.0
#auto generated file!
1554;1438;244;37;25.03701539302762;21.459437467208563;3.5775779258190017;88.1171039844509;0.0;1157;0
1554;1438;244;37;25.03701539302762;21.459437467208563;3.5775779258190017
0;0;0;0;0.0;0.0;0.0
#auto generated file!
1660;1480;242;46;24.8174085346394;21.23571725490209;3.5816912797373215;88.12196307094266;0.0;1192;0
1660;1480;242;46;24.8174085346394;21.23571725490209;3.5816912797373215
0;0;0;0;0.0;0.0;0.0
