#auto generated file!
17;135;5;33;37.8932634337223;33.5812495394195;4.312013894302787;89.13751214771625;0.0;97;0
17;135;5;33;37.8932634337223;33.5812495394195;4.312013894302787
0;0;0;0;0.0;0.0;0.0
#auto generated file!
6;173;6;46;32.72403606327389;28.406779350565426;4.317256712708467;88.94800777453838;0.0;121;0
6;173;6;46;32.72403606327389;28.406779350565426;4.317256712708467
0;0;0;0;0.0;0.0;0.0
#auto generated file!
7;166;3;38;26.411272586205968;22.452329941263116;3.9589426449428524;88.90184645286686;0.0;125;0
7;166;3;38;26.411272586205968;22.452329941263116;3.9589426449428524
0;0;0;0;0.0;0.0;0.0
#auto generated file!
15;121;6;28;32.00199180109891;27.89045779771261;4.111534003386298;88.31632653061224;0.0;87;0
15;121;6;28;32.00199180109891;27.89045779771261;4.111534003386298
0;0;0;0;0.0;0.0;0.0
#auto generated file!
16;138;4;34;35.304659267600314;30.79892983996171;4.505729427638612;88.5276967930029;0.0;100;0
16;138;4;34;35.304659267600314;30.79892983996171;4.505729427638612
0;0;0;0;0.0;0.0;0.0
#auto generated file!
13;140;9;37;43.70050578542537;39.14916796419956;4.5513378212258;87.75996112730809;0.0;94;0
13;140;9;37;43.70050578542537;39.14916796419956;4.5513378212258
0;0;0;0;0.0;0.0;0.0
#auto generated file!
10;140;3;33;36.547997566709974;32.25476876875958;4.293228797950391;88.67589893100097;0.0;104;0
10;140;3;33;36.547997566709974;32.25476876875958;4.293228797950391
0;0;0;0;0.0;0.0;0.0
#auto generated file!
14;169;5;38;29.885110844586023;26.092318576276153;3.792792268309868;88.49368318756073;0.0;126;0
14;169;5;38;29.885110844586023;26.092318576276153;3.792792268309868
0;0;0;0;0.0;0.0;0.0
#auto generated file!
12;135;7;36;32.70951836935378;28.562693263958753;4.1468251053950205;88.63459669582116;0.0;92;0
12;135;7;36;32.70951836935378;28.562693263958753;4.1468251053950205
0;0;0;0;0.0;0.0;0.0
#auto generated file!
13;143;6;37;33.45226380249329;28.66380214949257;4.788461653000717;88.13168124392614;0.0;100;0
13;143;6;37;33.45226380249329;28.66380214949257;4.788461653000717
0;0;0;0;0.0;0.0;0.0
