#auto generated file!
1335;129;129;0;18.847204866177005;15.658018141080031;3.189186725097012;40.789601554907684;0.0;0;0
1335;129;129;0;18.847204866177005;15.658018141080031;3.189186725097012
0;0;0;0;0.0;0.0;0.0
#auto generated file!
1340;128;128;0;19.61370059110745;16.441704347167324;3.1719962439401264;41.49416909620993;0.0;0;0
1340;128;128;0;19.61370059110745;16.441704347167324;3.1719962439401264
0;0;0;0;0.0;0.0;0.0
#auto generated file!
1362;117;117;0;18.644469841093365;15.474202957957816;3.17026688313551;41.40427599611272;0.0;0;0
1362;117;117;0;18.644469841093365;15.474202957957816;3.17026688313551
0;0;0;0;0.0;0.0;0.0
#auto generated file!
1612;142;142;0;19.50535292680037;16.349683803653445;3.1556691231469234;51.18318756073858;0.0;0;0
1612;142;142;0;19.50535292680037;16.349683803653445;3.1556691231469234
0;0;0;0;0.0;0.0;0.0
#auto generated file!
1365;133;133;0;18.100719394835103;14.90702963535626;3.193689759478807;40.58794946550048;0.0;0;0
1365;133;133;0;18.100719394835103;14.90702963535626;3.193689759478807
0;0;0;0;0.0;0.0;0.0
#auto generated file!
1522;146;146;0;19.693805023968437;16.53779459213344;3.156010431835;50.053449951409135;0.0;0;0
1522;146;146;0;19.693805023968437;16.53779459213344;3.156010431835
0;0;0;0;0.0;0.0;0.0
#auto generated file!
1052;101;101;0;18.110708379305336;14.943546410202924;3.167161969102411;30.97181729834792;0.0;0;0
1052;101;101;0;18.110708379305336;14.943546410202924;3.167161969102411
0;0;0;0;0.0;0.0;0.0
#auto generated file!
1043;89;89;0;17.35435525004744;14.181471049678628;3.1728842003688102;28.27259475218658;0.0;0;0
1043;89;89;0;17.35435525004744;14.181471049678628;3.1728842003688102
0;0;0;0;0.0;0.0;0.0
#auto generated file!
1514;139;139;0;18.626824971656287;15.45118887599348;3.175636095662845;46.29980563654033;0.0;0;0
1514;139;139;0;18.626824971656287;15.45118887599348;3.175636095662845
0;0;0;0;0.0;0.0;0.0
#auto generated file!
1169;89;89;0;17.51634428193987;14.336674751016142;3.179669530923711;31.43343051506316;0.0;0;0
1169;89;89;0;17.51634428193987;14.336674751016142;3.179669530923711
0;0;0;0;0.0;0.0;0.0
