#auto generated file!
613;398;11;225;14.138438205057062;9.962333012262931;4.1761051927941155;89.13751214771625;0.0;162;0
613;398;11;225;14.138438205057062;9.962333012262931;4.1761051927941155
0;0;0;0;0.0;0.0;0.0
#auto generated file!
476;385;6;235;13.74460716635688;9.629786344280168;4.114820822076692;88.94800777453838;0.0;144;0
476;385;6;235;13.74460716635688;9.629786344280168;4.114820822076692
0;0;0;0;0.0;0.0;0.0
#auto generated file!
578;318;8;187;13.49622663183604;9.354467654948936;4.141758976887096;88.90184645286686;0.0;123;0
578;318;8;187;13.49622663183604;9.354467654948936;4.141758976887096
0;0;0;0;0.0;0.0;0.0
#auto generated file!
632;431;10;258;14.43834956227066;10.328253198467966;4.1100963638026915;88.31632653061224;0.0;163;0
632;431;10;258;14.43834956227066;10.328253198467966;4.1100963638026915
0;0;0;0;0.0;0.0;0.0
#auto generated file!
639;448;5;299;14.651606876142685;10.481162078234087;4.1704447979085995;88.5276967930029;0.0;144;0
639;448;5;299;14.651606876142685;10.481162078234087;4.1704447979085995
0;0;0;0;0.0;0.0;0.0
#auto generated file!
765;392;10;245;13.688847948992304;9.553955448487935;4.134892500504364;87.75996112730809;0.0;137;0
765;392;10;245;13.688847948992304;9.553955448487935;4.134892500504364
0;0;0;0;0.0;0.0;0.0
#auto generated file!
560;406;5;228;13.561250020015892;9.383033139810314;4.178216880205569;88.67589893100097;0.0;173;0
560;406;5;228;13.561250020015892;9.383033139810314;4.178216880205569
0;0;0;0;0.0;0.0;0.0
#auto generated file!
597;417;9;222;14.32763137619091;10.164260254823143;4.1633711213677635;88.49368318756073;0.0;186;0
597;417;9;222;14.32763137619091;10.164260254823143;4.1633711213677635
0;0;0;0;0.0;0.0;0.0
#auto generated file!
644;498;6;284;13.998069390009736;9.89741327164939;4.10065611836032;88.63459669582116;0.0;208;0
644;498;6;284;13.998069390009736;9.89741327164939;4.10065611836032
0;0;0;0;0.0;0.0;0.0
#auto generated file!
569;389;6;245;13.916506228390812;9.763516783306827;4.152989445083984;88.13168124392614;0.0;138;0
569;389;6;245;13.916506228390812;9.763516783306827;4.152989445083984
0;0;0;0;0.0;0.0;0.0
