#auto generated file!
725;806;14;269;13.494645432889593;10.59128578093264;2.9033596519569445;90.9475218658892;0.0;523;0
725;806;14;269;13.494645432889593;10.59128578093264;2.9033596519569445
0;0;0;0;0.0;0.0;0.0
#auto generated file!
883;731;14;274;12.920545675343924;10.094546236458797;2.825999438885134;91.30952380952378;0.0;443;0
883;731;14;274;12.920545675343924;10.094546236458797;2.825999438885134
0;0;0;0;0.0;0.0;0.0
#auto generated file!
756;723;9;255;13.278853143140427;10.434817682769962;2.8440354603704763;91.5208940719145;0.0;459;0
756;723;9;255;13.278853143140427;10.434817682769962;2.8440354603704763
0;0;0;0;0.0;0.0;0.0
#auto generated file!
783;709;10;259;12.765755290573512;9.927429943594435;2.8383253469790954;91.38483965014579;0.0;440;0
783;709;10;259;12.765755290573512;9.927429943594435;2.8383253469790954
0;0;0;0;0.0;0.0;0.0
#auto generated file!
765;730;10;252;12.939786293505025;10.154560373190542;2.785225920314493;91.7055393586006;0.0;468;0
765;730;10;252;12.939786293505025;10.154560373190542;2.785225920314493
0;0;0;0;0.0;0.0;0.0
#auto generated file!
842;746;18;294;13.694104965626739;10.852858926829278;2.841246038797432;91.01554907677357;0.0;434;0
842;746;18;294;13.694104965626739;10.852858926829278;2.841246038797432
0;0;0;0;0.0;0.0;0.0
#auto generated file!
754;777;8;276;13.453840051600624;10.607943770941713;2.8458962806589256;91.18804664723031;0.0;493;0
754;777;8;276;13.453840051600624;10.607943770941713;2.8458962806589256
0;0;0;0;0.0;0.0;0.0
#auto generated file!
786;685;2;256;13.868153793076829;10.932996490201067;2.935157302875775;91.18318756073857;0.0;427;0
786;685;2;256;13.868153793076829;10.932996490201067;2.935157302875775
0;0;0;0;0.0;0.0;0.0
#auto generated file!
811;633;19;278;13.470518239390158;10.589277281374741;2.881240958015402;91.24878522837706;0.0;336;0
811;633;19;278;13.470518239390158;10.589277281374741;2.881240958015402
0;0;0;0;0.0;0.0;0.0
#auto generated file!
813;834;12;287;12.334410215809822;9.48196017174885;2.852450044060979;90.92322643343051;0.0;535;0
813;834;12;287;12.334410215809822;9.48196017174885;2.852450044060979
0;0;0;0;0.0;0.0;0.0
