#auto generated file!
1516;4078;248;2260;25.721397559349185;22.339752975143;3.381644584206226;88.38435374149661;0.0;1570;0
1516;4078;248;2260;25.721397559349185;22.339752975143;3.381644584206226
0;0;0;0;0.0;0.0;0.0
#auto generated file!
1565;3223;224;1910;25.297536304760982;21.878051579515144;3.419484725245862;87.25704567541302;0.0;1089;0
1565;3223;224;1910;25.297536304760982;21.878051579515144;3.419484725245862
0;0;0;0;0.0;0.0;0.0
#auto generated file!
1578;3387;229;1945;24.923385975091456;21.459079294393156;3.464306680698328;88.52040816326527;0.0;1213;0
1578;3387;229;1945;24.923385975091456;21.459079294393156;3.464306680698328
0;0;0;0;0.0;0.0;0.0
#auto generated file!
1554;3614;239;2043;25.071462541075288;21.61647163112641;3.454990909948819;88.17784256559766;0.0;1332;0
1554;3614;239;2043;25.071462541075288;21.61647163112641;3.454990909948819
0;0;0;0;0.0;0.0;0.0
#auto generated file!
1557;3457;221;2077;24.91942042418006;21.539082714967414;3.3803377092126703;86.49902818270165;0.0;1159;0
1557;3457;221;2077;24.91942042418006;21.539082714967414;3.3803377092126703
0;0;0;0;0.0;0.0;0.0
#auto generated file!
1518;3972;226;2188;25.650420816249543;22.189233881367997;3.4611869348816153;88.20942662779399;0.0;1558;0
1518;3972;226;2188;25.650420816249543;22.189233881367997;3.4611869348816153
0;0;0;0;0.0;0.0;0.0
#auto generated file!
1569;3260;225;1861;24.225427726823128;20.82010648888249;3.40532123794068;87.25704567541302;0.0;1174;0
1569;3260;225;1861;24.225427726823128;20.82010648888249;3.40532123794068
0;0;0;0;0.0;0.0;0.0
#auto generated file!
1563;3755;233;2139;25.709087618324737;22.371717149276915;3.3373704690478805;89.24441205053449;0.0;1383;0
1563;3755;233;2139;25.709087618324737;22.371717149276915;3.3373704690478805
0;0;0;0;0.0;0.0;0.0
#auto generated file!
1582;3922;227;2130;25.682291024975864;22.253444451550383;3.4288465734254743;89.01846452866862;0.0;1565;0
1582;3922;227;2130;25.682291024975864;22.253444451550383;3.4288465734254743
0;0;0;0;0.0;0.0;0.0
#auto generated file!
1654;3934;231;2176;24.4428676968249;21.011181250759726;3.43168644606513;88.357628765792;0.0;1527;0
1654;3934;231;2176;24.4428676968249;21.011181250759726;3.43168644606513
0;0;0;0;0.0;0.0;0.0
