#auto generated file!
1230;157;157;0;22.414596151652297;19.12098727329405;3.2936088783582096;60.96209912536443;0.0;0;0
1230;157;157;0;22.414596151652297;19.12098727329405;3.2936088783582096
0;0;0;0;0.0;0.0;0.0
#auto generated file!
1651;252;155;0;23.656209650470323;20.38714832566841;3.2690613248018723;79.70116618075802;0.0;97;0
1651;252;155;0;23.656209650470323;20.38714832566841;3.2690613248018723
0;0;0;0;0.0;0.0;0.0
#auto generated file!
1636;798;231;0;24.508574862340332;21.212001831293232;3.296573031047128;84.59183673469387;0.0;567;0
1636;798;231;0;24.508574862340332;21.212001831293232;3.296573031047128
0;0;0;0;0.0;0.0;0.0
#auto generated file!
1600;761;217;0;24.907822233510732;21.648890129666423;3.2589321038443315;84.46793002915452;0.0;544;0
1600;761;217;0;24.907822233510732;21.648890129666423;3.2589321038443315
0;0;0;0;0.0;0.0;0.0
#auto generated file!
1675;1151;227;0;24.330857407256424;21.029052423704297;3.3018049835521732;85.70456754130223;0.0;924;0
1675;1151;227;0;24.330857407256424;21.029052423704297;3.3018049835521732
0;0;0;0;0.0;0.0;0.0
#auto generated file!
1517;371;220;0;25.011686275402074;21.710150794402317;3.3015354809997683;80.46647230320698;0.0;151;0
1517;371;220;0;25.011686275402074;21.710150794402317;3.3015354809997683
0;0;0;0;0.0;0.0;0.0
#auto generated file!
1575;487;217;0;24.393607703279557;21.10223725167073;3.2913704516088544;82.03352769679302;0.0;270;0
1575;487;217;0;24.393607703279557;21.10223725167073;3.2913704516088544
0;0;0;0;0.0;0.0;0.0
#auto generated file!
1722;531;223;0;23.23649974558237;19.970509320949272;3.2659904246330598;81.44557823129252;0.0;308;0
1722;531;223;0;23.23649974558237;19.970509320949272;3.2659904246330598
0;0;0;0;0.0;0.0;0.0
#auto generated file!
1595;663;226;0;24.89122603875452;21.61792629045425;3.273299748300214;85.5952380952381;0.0;437;0
1595;663;226;0;24.89122603875452;21.61792629045425;3.273299748300214
0;0;0;0;0.0;0.0;0.0
#auto generated file!
1590;561;228;0;24.877794772961373;21.562566444311877;3.315228328649562;83.37706511175898;0.0;333;0
1590;561;228;0;24.877794772961373;21.562566444311877;3.315228328649562
0;0;0;0;0.0;0.0;0.0
