#auto generated file!
100;3;3;0;8.953785154467948;5.648511331995098;3.30527382247285;60.96209912536443;0.0;0;0
100;3;3;0;8.953785154467948;5.648511331995098;3.30527382247285
0;0;0;0;0.0;0.0;0.0
#auto generated file!
122;8;8;0;9.23758647706941;6.002766610600032;3.2348198664693775;79.70116618075802;0.0;0;0
122;8;8;0;9.23758647706941;6.002766610600032;3.2348198664693775
0;0;0;0;0.0;0.0;0.0
#auto generated file!
111;6;5;0;9.985088917557736;6.69842883446267;3.2866600830950663;84.59183673469387;0.0;1;0
111;6;5;0;9.985088917557736;6.69842883446267;3.2866600830950663
0;0;0;0;0.0;0.0;0.0
#auto generated file!
90;5;4;0;11.363624269342152;8.16208829767863;3.20153597166352;84.46793002915452;0.0;1;0
90;5;4;0;11.363624269342152;8.16208829767863;3.20153597166352
0;0;0;0;0.0;0.0;0.0
#auto generated file!
93;8;5;0;8.538089694043714;5.373605133014953;3.1644845610287575;85.70456754130223;0.0;3;0
93;8;5;0;8.538089694043714;5.373605133014953;3.1644845610287575
0;0;0;0;0.0;0.0;0.0
#auto generated file!
114;7;7;0;8.599788805477704;5.37993348520434;3.2198553202733673;80.46647230320698;0.0;0;0
114;7;7;0;8.599788805477704;5.37993348520434;3.2198553202733673
0;0;0;0;0.0;0.0;0.0
#auto generated file!
78;2;2;0;8.83618251319379;5.672003244840901;3.1641792683528926;82.03352769679302;0.0;0;0
78;2;2;0;8.83618251319379;5.672003244840901;3.1641792683528926
0;0;0;0;0.0;0.0;0.0
#auto generated file!
106;6;6;0;8.997761531776764;5.7278606445191524;3.269900887257605;81.44557823129252;0.0;0;0
106;6;6;0;8.997761531776764;5.7278606445191524;3.269900887257605
0;0;0;0;0.0;0.0;0.0
#auto generated file!
112;4;4;0;9.002504585298038;5.818710419095544;3.183794166202488;85.5952380952381;0.0;0;0
112;4;4;0;9.002504585298038;5.818710419095544;3.183794166202488
0;0;0;0;0.0;0.0;0.0
#auto generated file!
108;1;1;0;7.805756388304538;4.574975428242191;3.230780960062347;83.37706511175898;0.0;0;0
108;1;1;0;7.805756388304538;4.574975428242191;3.230780960062347
0;0;0;0;0.0;0.0;0.0
