#auto generated file!
2313;4929;263;2907;21.154949661001464;17.75375023059007;3.401199430411422;88.38435374149661;0.0;1759;0
2313;4929;263;2907;21.154949661001464;17.75375023059007;3.401199430411422
0;0;0;0;0.0;0.0;0.0
#auto generated file!
2393;4172;250;2600;21.25405051765359;17.844169722511733;3.4098807951418713;87.25704567541302;0.0;1322;0
2393;4172;250;2600;21.25405051765359;17.844169722511733;3.4098807951418713
0;0;0;0;0.0;0.0;0.0
#auto generated file!
2446;4455;257;2735;20.579169162017184;17.14413371290749;3.435035449109715;88.52040816326527;0.0;1463;0
2446;4455;257;2735;20.579169162017184;17.14413371290749;3.435035449109715
0;0;0;0;0.0;0.0;0.0
#auto generated file!
2406;4500;258;2708;20.950337141666804;17.506691449521956;3.443645692144808;88.17784256559766;0.0;1534;0
2406;4500;258;2708;20.950337141666804;17.506691449521956;3.443645692144808
0;0;0;0;0.0;0.0;0.0
#auto generated file!
2449;4504;243;2863;20.474275406914376;17.10236996699559;3.3719054399187973;86.49902818270165;0.0;1398;0
2449;4504;243;2863;20.474275406914376;17.10236996699559;3.3719054399187973
0;0;0;0;0.0;0.0;0.0
#auto generated file!
2310;5026;260;2961;21.29467182245587;17.8545245768409;3.4401472456150146;88.20942662779399;0.0;1805;0
2310;5026;260;2961;21.29467182245587;17.8545245768409;3.4401472456150146
0;0;0;0;0.0;0.0;0.0
#auto generated file!
2460;4272;256;2597;20.30631888270316;16.89283863190077;3.413480250802419;87.25704567541302;0.0;1419;0
2460;4272;256;2597;20.30631888270316;16.89283863190077;3.413480250802419
0;0;0;0;0.0;0.0;0.0
#auto generated file!
2362;4761;262;2857;21.184852160748388;17.842296293205894;3.3425558675425293;89.24441205053449;0.0;1642;0
2362;4761;262;2857;21.184852160748388;17.842296293205894;3.3425558675425293
0;0;0;0;0.0;0.0;0.0
#auto generated file!
2325;4863;248;2741;21.396174641325942;17.98161086338258;3.4145637779433553;89.01846452866862;0.0;1874;0
2325;4863;248;2741;21.396174641325942;17.98161086338258;3.4145637779433553
0;0;0;0;0.0;0.0;0.0
#auto generated file!
2489;4861;251;2815;20.81935245925351;17.36140989667008;3.4579425625833995;88.357628765792;0.0;1795;0
2489;4861;251;2815;20.81935245925351;17.36140989667008;3.4579425625833995
0;0;0;0;0.0;0.0;0.0
