#auto generated file!
2349;2206;282;79;20.99705382969942;17.395535577508483;3.601518252190908;88.43780369290573;0.0;1845;0
2349;2206;282;79;20.99705382969942;17.395535577508483;3.601518252190908
0;0;0;0;0.0;0.0;0.0
#auto generated file!
2487;1273;252;51;20.500341118213242;16.90815813057137;3.5921829876418414;86.86345966958214;0.0;970;0
2487;1273;252;51;20.500341118213242;16.90815813057137;3.5921829876418414
0;0;0;0;0.0;0.0;0.0
#auto generated file!
2511;1426;265;40;20.40732291879561;16.814132774744337;3.5931901440512943;87.51700680272108;0.0;1121;0
2511;1426;265;40;20.40732291879561;16.814132774744337;3.5931901440512943
0;0;0;0;0.0;0.0;0.0
#auto generated file!
2253;2267;267;48;22.050714031686237;18.47000002607151;3.580714005614712;88.38435374149661;0.0;1952;0
2253;2267;267;48;22.050714031686237;18.47000002607151;3.580714005614712
0;0;0;0;0.0;0.0;0.0
#auto generated file!
2284;2432;255;61;21.140145023799818;17.54398320981073;3.596161813989062;88.32118561710396;0.0;2116;0
2284;2432;255;61;21.140145023799818;17.54398320981073;3.596161813989062
0;0;0;0;0.0;0.0;0.0
#auto generated file!
2407;1976;254;64;20.954820524592538;17.387358231200484;3.5674622933920634;88.05150631681241;0.0;1658;0
2407;1976;254;64;20.954820524592538;17.387358231200484;3.5674622933920634
0;0;0;0;0.0;0.0;0.0
#auto generated file!
2307;1971;262;80;21.78513276009148;18.199882138123325;3.5852506219681244;88.88241010689988;0.0;1629;0
2307;1971;262;80;21.78513276009148;18.199882138123325;3.5852506219681244
0;0;0;0;0.0;0.0;0.0
#auto generated file!
2386;1932;272;45;20.978666485713656;17.383991249911528;3.594675235802117;88.16326530612243;0.0;1615;0
2386;1932;272;45;20.978666485713656;17.383991249911528;3.594675235802117
0;0;0;0;0.0;0.0;0.0
#auto generated file!
2349;1673;261;45;20.877027101108467;17.299915144176012;3.577111956932414;88.1171039844509;0.0;1367;0
2349;1673;261;45;20.877027101108467;17.299915144176012;3.577111956932414
0;0;0;0;0.0;0.0;0.0
#auto generated file!
2383;1686;262;62;21.16638281152199;17.575315642393015;3.5910671691289817;88.12196307094266;0.0;1362;0
2383;1686;262;62;21.16638281152199;17.575315642393015;3.5910671691289817
0;0;0;0;0.0;0.0;0.0
