#auto generated file!
550;196;14;10;13.385859244013965;9.761791543562282;3.62406770045165;88.43780369290573;0.0;172;0
550;196;14;10;13.385859244013965;9.761791543562282;3.62406770045165
0;0;0;0;0.0;0.0;0.0
#auto generated file!
720;111;12;7;13.54346502474059;9.942119605504951;3.6013454192356398;86.86345966958214;0.0;92;0
720;111;12;7;13.54346502474059;9.942119605504951;3.6013454192356398
0;0;0;0;0.0;0.0;0.0
#auto generated file!
635;108;9;7;12.852019925332407;9.294087485580858;3.557932439751539;87.51700680272108;0.0;92;0
635;108;9;7;12.852019925332407;9.294087485580858;3.557932439751539
0;0;0;0;0.0;0.0;0.0
#auto generated file!
572;162;3;10;14.373443919218621;10.789905526058153;3.5835383931604583;88.38435374149661;0.0;149;0
572;162;3;10;14.373443919218621;10.789905526058153;3.5835383931604583
0;0;0;0;0.0;0.0;0.0
#auto generated file!
539;149;7;9;13.804094640382983;10.18565536687507;3.6184392735079025;88.32118561710396;0.0;133;0
539;149;7;9;13.804094640382983;10.18565536687507;3.6184392735079025
0;0;0;0;0.0;0.0;0.0
#auto generated file!
658;171;11;14;13.449594541327578;9.892171176874378;3.557423364453178;88.05150631681241;0.0;146;0
658;171;11;14;13.449594541327578;9.892171176874378;3.557423364453178
0;0;0;0;0.0;0.0;0.0
#auto generated file!
583;135;7;21;14.186224970006734;10.57847544848167;3.6077495215250655;88.88241010689988;0.0;107;0
583;135;7;21;14.186224970006734;10.57847544848167;3.6077495215250655
0;0;0;0;0.0;0.0;0.0
#auto generated file!
642;235;8;8;13.5413086423636;9.940476562152995;3.6008320802105933;88.16326530612243;0.0;219;0
642;235;8;8;13.5413086423636;9.940476562152995;3.6008320802105933
0;0;0;0;0.0;0.0;0.0
#auto generated file!
629;120;5;6;12.906619563625227;9.319896157111629;3.586723406513593;88.1171039844509;0.0;109;0
629;120;5;6;12.906619563625227;9.319896157111629;3.586723406513593
0;0;0;0;0.0;0.0;0.0
#auto generated file!
543;81;8;11;13.12606424983629;9.503437142607314;3.6226271072289693;88.12196307094266;0.0;62;0
543;81;8;11;13.12606424983629;9.503437142607314;3.6226271072289693
0;0;0;0;0.0;0.0;0.0
