#auto generated file!
2500;6517;256;1535;20.202629954802088;17.342576287249166;2.860053667552895;90.9475218658892;0.0;4726;0
2500;6517;256;1535;20.202629954802088;17.342576287249166;2.860053667552895
0;0;0;0;0.0;0.0;0.0
#auto generated file!
2697;5573;243;1441;19.27599968161018;16.432115453725704;2.843884227884446;91.30952380952378;0.0;3889;0
2697;5573;243;1441;19.27599968161018;16.432115453725704;2.843884227884446
0;0;0;0;0.0;0.0;0.0
#auto generated file!
2499;6603;260;1481;20.226750204874204;17.380953793402917;2.8457964114712895;91.5208940719145;0.0;4862;0
2499;6603;260;1481;20.226750204874204;17.380953793402917;2.8457964114712895
0;0;0;0;0.0;0.0;0.0
#auto generated file!
2586;6431;242;1560;19.655037614779328;16.828832935642033;2.8262046791372994;91.38483965014579;0.0;4629;0
2586;6431;242;1560;19.655037614779328;16.828832935642033;2.8262046791372994
0;0;0;0;0.0;0.0;0.0
#auto generated file!
2618;5851;251;1430;19.43845533712778;16.63463803390585;2.803817303221981;91.7055393586006;0.0;4170;0
2618;5851;251;1430;19.43845533712778;16.63463803390585;2.803817303221981
0;0;0;0;0.0;0.0;0.0
#auto generated file!
2638;5137;257;1378;19.966029269843816;17.114404856165773;2.8516244136780635;91.01554907677357;0.0;3502;0
2638;5137;257;1378;19.966029269843816;17.114404856165773;2.8516244136780635
0;0;0;0;0.0;0.0;0.0
#auto generated file!
2622;6548;251;1588;19.75442861833849;16.927135536540316;2.8272930817981865;91.18804664723031;0.0;4709;0
2622;6548;251;1588;19.75442861833849;16.927135536540316;2.8272930817981865
0;0;0;0;0.0;0.0;0.0
#auto generated file!
2569;6275;251;1516;19.955666505444242;17.102129551676892;2.8535369537673803;91.18318756073857;0.0;4508;0
2569;6275;251;1516;19.955666505444242;17.102129551676892;2.8535369537673803
0;0;0;0;0.0;0.0;0.0
#auto generated file!
2509;6030;260;1484;20.16319685347776;17.310196145339205;2.8530007081385422;91.24878522837706;0.0;4286;0
2509;6030;260;1484;20.16319685347776;17.310196145339205;2.8530007081385422
0;0;0;0;0.0;0.0;0.0
#auto generated file!
2570;6282;244;1603;19.67167871675994;16.835128362646167;2.83655035411379;90.92322643343051;0.0;4435;0
2570;6282;244;1603;19.67167871675994;16.835128362646167;2.83655035411379
0;0;0;0;0.0;0.0;0.0
