#auto generated file!
2021;173;173;0;19.1879374069675;15.904488854048832;3.283448552918647;60.96209912536443;0.0;0;0
2021;173;173;0;19.1879374069675;15.904488854048832;3.283448552918647
0;0;0;0;0.0;0.0;0.0
#auto generated file!
2442;298;179;0;20.368827372228647;17.09385422658673;3.274973145641895;79.70116618075802;0.0;119;0
2442;298;179;0;20.368827372228647;17.09385422658673;3.274973145641895
0;0;0;0;0.0;0.0;0.0
#auto generated file!
2227;879;248;0;21.54482847888149;18.24907914632104;3.2957493325604714;84.59183673469387;0.0;631;0
2227;879;248;0;21.54482847888149;18.24907914632104;3.2957493325604714
0;0;0;0;0.0;0.0;0.0
#auto generated file!
2194;857;235;0;21.943621866728805;18.688586674971752;3.2550351917570666;84.46793002915452;0.0;622;0
2194;857;235;0;21.943621866728805;18.688586674971752;3.2550351917570666
0;0;0;0;0.0;0.0;0.0
#auto generated file!
2250;1265;242;1;21.316631705159057;18.027636004964194;3.2889957001949033;85.70456754130223;0.0;1022;0
2250;1265;242;1;21.316631705159057;18.027636004964194;3.2889957001949033
0;0;0;0;0.0;0.0;0.0
#auto generated file!
2215;413;239;0;21.493573293178436;18.206012812663083;3.2875604805153587;80.46647230320698;0.0;174;0
2215;413;239;0;21.493573293178436;18.206012812663083;3.2875604805153587
0;0;0;0;0.0;0.0;0.0
#auto generated file!
2325;562;236;0;20.99097188157945;17.71198482676594;3.2789870548135323;82.03352769679302;0.0;326;0
2325;562;236;0;20.99097188157945;17.71198482676594;3.2789870548135323
0;0;0;0;0.0;0.0;0.0
#auto generated file!
2394;601;242;0;20.3644317353775;17.0880184520759;3.276413283301574;81.44557823129252;0.0;359;0
2394;601;242;0;20.3644317353775;17.0880184520759;3.276413283301574
0;0;0;0;0.0;0.0;0.0
#auto generated file!
2215;737;242;0;21.561947127788176;18.287073648854943;3.2748734789331957;85.5952380952381;0.0;495;0
2215;737;242;0;21.561947127788176;18.287073648854943;3.2748734789331957
0;0;0;0;0.0;0.0;0.0
#auto generated file!
2242;663;241;0;21.293832705454;17.986750493619013;3.3070822118350365;83.37706511175898;0.0;422;0
2242;663;241;0;21.293832705454;17.986750493619013;3.3070822118350365
0;0;0;0;0.0;0.0;0.0
