#auto generated file!
1599;2875;246;1007;25.26539808721265;21.114732305983054;4.150665781229621;89.13751214771625;0.0;1622;0
1599;2875;246;1007;25.26539808721265;21.114732305983054;4.150665781229621
0;0;0;0;0.0;0.0;0.0
#auto generated file!
1695;3291;250;1115;25.478761762473695;21.33595857761328;4.142803184860461;88.94800777453838;0.0;1926;0
1695;3291;250;1115;25.478761762473695;21.33595857761328;4.142803184860461
0;0;0;0;0.0;0.0;0.0
#auto generated file!
1641;3427;264;1175;25.285234816432492;21.130807169866703;4.154427646565823;88.90184645286686;0.0;1988;0
1641;3427;264;1175;25.285234816432492;21.130807169866703;4.154427646565823
0;0;0;0;0.0;0.0;0.0
#auto generated file!
1579;2630;245;964;25.92958944953303;21.8291924983617;4.100396951171226;88.31632653061224;0.0;1421;0
1579;2630;245;964;25.92958944953303;21.8291924983617;4.100396951171226
0;0;0;0;0.0;0.0;0.0
#auto generated file!
1495;2853;266;985;26.263970844660783;22.10166532488124;4.162305519779564;88.5276967930029;0.0;1602;0
1495;2853;266;985;26.263970844660783;22.10166532488124;4.162305519779564
0;0;0;0;0.0;0.0;0.0
#auto generated file!
1614;2349;236;889;24.777403356649106;20.679204636590026;4.0981987200591075;87.75996112730809;0.0;1224;0
1614;2349;236;889;24.777403356649106;20.679204636590026;4.0981987200591075
0;0;0;0;0.0;0.0;0.0
#auto generated file!
1581;3011;254;1088;25.990407809562257;21.880487089071693;4.109920720490604;88.67589893100097;0.0;1669;0
1581;3011;254;1088;25.990407809562257;21.880487089071693;4.109920720490604
0;0;0;0;0.0;0.0;0.0
#auto generated file!
1595;2924;243;1025;25.82741909762412;21.68344318215697;4.143975915467067;88.49368318756073;0.0;1656;0
1595;2924;243;1025;25.82741909762412;21.68344318215697;4.143975915467067
0;0;0;0;0.0;0.0;0.0
#auto generated file!
1533;2685;249;965;26.36549690472656;22.24081867597472;4.124678228751842;88.63459669582116;0.0;1471;0
1533;2685;249;965;26.36549690472656;22.24081867597472;4.124678228751842
0;0;0;0;0.0;0.0;0.0
#auto generated file!
1601;3070;249;1112;25.38412413855221;21.265960502589646;4.118163635962576;88.13168124392614;0.0;1709;0
1601;3070;249;1112;25.38412413855221;21.265960502589646;4.118163635962576
0;0;0;0;0.0;0.0;0.0
